2024-11-21 14:29:44,399 - INFO - Serving on http://0.0.0.0:5050
2024-11-21 14:29:44,416 - DEBUG - Importing BlpImagePlugin
2024-11-21 14:29:44,417 - DEBUG - Importing BmpImagePlugin
2024-11-21 14:29:44,417 - DEBUG - Importing BufrStubImagePlugin
2024-11-21 14:29:44,417 - DEBUG - Importing CurImagePlugin
2024-11-21 14:29:44,418 - DEBUG - Importing DcxImagePlugin
2024-11-21 14:29:44,418 - DEBUG - Importing DdsImagePlugin
2024-11-21 14:29:44,423 - DEBUG - Importing EpsImagePlugin
2024-11-21 14:29:44,424 - DEBUG - Importing FitsImagePlugin
2024-11-21 14:29:44,426 - DEBUG - Importing FliImagePlugin
2024-11-21 14:29:44,426 - DEBUG - Importing FpxImagePlugin
2024-11-21 14:29:44,427 - DEBUG - Image: failed to import FpxImagePlugin: No module named 'olefile'
2024-11-21 14:29:44,427 - DEBUG - Importing FtexImagePlugin
2024-11-21 14:29:44,427 - DEBUG - Importing GbrImagePlugin
2024-11-21 14:29:44,428 - DEBUG - Importing GifImagePlugin
2024-11-21 14:29:44,428 - DEBUG - Importing GribStubImagePlugin
2024-11-21 14:29:44,428 - DEBUG - Importing Hdf5StubImagePlugin
2024-11-21 14:29:44,429 - DEBUG - Importing IcnsImagePlugin
2024-11-21 14:29:44,430 - DEBUG - Importing IcoImagePlugin
2024-11-21 14:29:44,431 - DEBUG - Importing ImImagePlugin
2024-11-21 14:29:44,431 - DEBUG - Importing ImtImagePlugin
2024-11-21 14:29:44,432 - DEBUG - Importing IptcImagePlugin
2024-11-21 14:29:44,432 - DEBUG - Importing JpegImagePlugin
2024-11-21 14:29:44,432 - DEBUG - Importing Jpeg2KImagePlugin
2024-11-21 14:29:44,432 - DEBUG - Importing McIdasImagePlugin
2024-11-21 14:29:44,433 - DEBUG - Importing MicImagePlugin
2024-11-21 14:29:44,433 - DEBUG - Image: failed to import MicImagePlugin: No module named 'olefile'
2024-11-21 14:29:44,433 - DEBUG - Importing MpegImagePlugin
2024-11-21 14:29:44,434 - DEBUG - Importing MpoImagePlugin
2024-11-21 14:29:44,438 - DEBUG - Importing MspImagePlugin
2024-11-21 14:29:44,438 - DEBUG - Importing PalmImagePlugin
2024-11-21 14:29:44,439 - DEBUG - Importing PcdImagePlugin
2024-11-21 14:29:44,439 - DEBUG - Importing PcxImagePlugin
2024-11-21 14:29:44,439 - DEBUG - Importing PdfImagePlugin
2024-11-21 14:29:44,447 - DEBUG - Importing PixarImagePlugin
2024-11-21 14:29:44,448 - DEBUG - Importing PngImagePlugin
2024-11-21 14:29:44,448 - DEBUG - Importing PpmImagePlugin
2024-11-21 14:29:44,448 - DEBUG - Importing PsdImagePlugin
2024-11-21 14:29:44,449 - DEBUG - Importing QoiImagePlugin
2024-11-21 14:29:44,449 - DEBUG - Importing SgiImagePlugin
2024-11-21 14:29:44,450 - DEBUG - Importing SpiderImagePlugin
2024-11-21 14:29:44,450 - DEBUG - Importing SunImagePlugin
2024-11-21 14:29:44,451 - DEBUG - Importing TgaImagePlugin
2024-11-21 14:29:44,451 - DEBUG - Importing TiffImagePlugin
2024-11-21 14:29:44,451 - DEBUG - Importing WebPImagePlugin
2024-11-21 14:29:44,453 - DEBUG - Importing WmfImagePlugin
2024-11-21 14:29:44,454 - DEBUG - Importing XbmImagePlugin
2024-11-21 14:29:44,455 - DEBUG - Importing XpmImagePlugin
2024-11-21 14:29:44,455 - DEBUG - Importing XVThumbImagePlugin
